  assignment1.cpp
  assignment2.cpp
C:\Users\Janan\Comp371\assignment1\assignment1\src\OBJloader.h(20,9): warning C4996: 'fopen': This function or variable may be unsafe. Consider using fopen_s instead. To disable deprecation, use _CRT_SECURE_NO_WARNINGS. See online help for details.
C:\Users\Janan\Comp371\assignment1\assignment1\src\OBJloader.h(31,13): warning C4996: 'fscanf': This function or variable may be unsafe. Consider using fscanf_s instead. To disable deprecation, use _CRT_SECURE_NO_WARNINGS. See online help for details.
C:\Users\Janan\Comp371\assignment1\assignment1\src\OBJloader.h(39,4): warning C4996: 'fscanf': This function or variable may be unsafe. Consider using fscanf_s instead. To disable deprecation, use _CRT_SECURE_NO_WARNINGS. See online help for details.
C:\Users\Janan\Comp371\assignment1\assignment1\src\OBJloader.h(44,4): warning C4996: 'fscanf': This function or variable may be unsafe. Consider using fscanf_s instead. To disable deprecation, use _CRT_SECURE_NO_WARNINGS. See online help for details.
C:\Users\Janan\Comp371\assignment1\assignment1\src\OBJloader.h(50,4): warning C4996: 'fscanf': This function or variable may be unsafe. Consider using fscanf_s instead. To disable deprecation, use _CRT_SECURE_NO_WARNINGS. See online help for details.
C:\Users\Janan\Comp371\assignment1\assignment1\src\OBJloader.h(60,18): warning C4996: 'sscanf': This function or variable may be unsafe. Consider using sscanf_s instead. To disable deprecation, use _CRT_SECURE_NO_WARNINGS. See online help for details.
C:\Users\Janan\Comp371\assignment1\assignment1\src\OBJloader.h(63,15): warning C4996: 'sscanf': This function or variable may be unsafe. Consider using sscanf_s instead. To disable deprecation, use _CRT_SECURE_NO_WARNINGS. See online help for details.
C:\Users\Janan\Comp371\assignment1\assignment1\src\OBJloader.h(66,16): warning C4996: 'sscanf': This function or variable may be unsafe. Consider using sscanf_s instead. To disable deprecation, use _CRT_SECURE_NO_WARNINGS. See online help for details.
C:\Users\Janan\Comp371\assignment1\assignment1\src\OBJloader.h(69,17): warning C4996: 'sscanf': This function or variable may be unsafe. Consider using sscanf_s instead. To disable deprecation, use _CRT_SECURE_NO_WARNINGS. See online help for details.
C:\Users\Janan\Comp371\assignment1\assignment1\src\OBJloaderV2.h(20,9): warning C4996: 'fopen': This function or variable may be unsafe. Consider using fopen_s instead. To disable deprecation, use _CRT_SECURE_NO_WARNINGS. See online help for details.
C:\Users\Janan\Comp371\assignment1\assignment1\src\OBJloaderV2.h(31,13): warning C4996: 'fscanf': This function or variable may be unsafe. Consider using fscanf_s instead. To disable deprecation, use _CRT_SECURE_NO_WARNINGS. See online help for details.
C:\Users\Janan\Comp371\assignment1\assignment1\src\OBJloaderV2.h(39,10): warning C4996: 'fscanf': This function or variable may be unsafe. Consider using fscanf_s instead. To disable deprecation, use _CRT_SECURE_NO_WARNINGS. See online help for details.
C:\Users\Janan\Comp371\assignment1\assignment1\src\OBJloaderV2.h(45,10): warning C4996: 'fscanf': This function or variable may be unsafe. Consider using fscanf_s instead. To disable deprecation, use _CRT_SECURE_NO_WARNINGS. See online help for details.
C:\Users\Janan\Comp371\assignment1\assignment1\src\OBJloaderV2.h(54,10): warning C4996: 'fscanf': This function or variable may be unsafe. Consider using fscanf_s instead. To disable deprecation, use _CRT_SECURE_NO_WARNINGS. See online help for details.
C:\Users\Janan\Comp371\assignment1\assignment1\src\OBJloaderV2.h(72,24): warning C4996: 'sscanf': This function or variable may be unsafe. Consider using sscanf_s instead. To disable deprecation, use _CRT_SECURE_NO_WARNINGS. See online help for details.
C:\Users\Janan\Comp371\assignment1\assignment1\src\OBJloaderV2.h(75,24): warning C4996: 'sscanf': This function or variable may be unsafe. Consider using sscanf_s instead. To disable deprecation, use _CRT_SECURE_NO_WARNINGS. See online help for details.
C:\Users\Janan\Comp371\assignment1\assignment1\src\OBJloaderV2.h(78,25): warning C4996: 'sscanf': This function or variable may be unsafe. Consider using sscanf_s instead. To disable deprecation, use _CRT_SECURE_NO_WARNINGS. See online help for details.
C:\Users\Janan\Comp371\assignment1\assignment1\src\OBJloaderV2.h(81,29): warning C4996: 'sscanf': This function or variable may be unsafe. Consider using sscanf_s instead. To disable deprecation, use _CRT_SECURE_NO_WARNINGS. See online help for details.
C:\Users\Janan\Comp371\assignment1\assignment1\src\shaderloader.h(25,10): warning C4477: 'printf' : format string '%s' requires an argument of type 'char *', but variadic argument 1 has type 'std::string'
C:\Users\Janan\Comp371\assignment1\assignment1\src\assignment2.cpp(732,25): warning C4244: 'initializing': conversion from 'double' to 'float', possible loss of data
C:\Users\Janan\Comp371\assignment1\assignment1\src\assignment2.cpp(737,23): warning C4244: 'initializing': conversion from 'double' to 'float', possible loss of data
C:\Users\Janan\Comp371\assignment1\assignment1\src\assignment2.cpp(747,18): warning C4244: 'initializing': conversion from 'double' to 'float', possible loss of data
C:\Users\Janan\Comp371\assignment1\assignment1\src\assignment2.cpp(748,36): warning C4244: '=': conversion from 'double' to 'float', possible loss of data
C:\Users\Janan\Comp371\assignment1\assignment1\src\assignment2.cpp(756,21): warning C4244: 'initializing': conversion from 'double' to 'float', possible loss of data
C:\Users\Janan\Comp371\assignment1\assignment1\src\assignment2.cpp(767,26): warning C4305: 'argument': truncation from 'double' to 'T'
          with
          [
              T=float
          ]
C:\Users\Janan\Comp371\assignment1\assignment1\src\assignment2.cpp(1040,25): warning C4305: '+=': truncation from 'double' to 'float'
C:\Users\Janan\Comp371\assignment1\assignment1\src\assignment2.cpp(1041,30): warning C4305: '+=': truncation from 'double' to 'float'
C:\Users\Janan\Comp371\assignment1\assignment1\src\assignment2.cpp(1045,25): warning C4305: '-=': truncation from 'double' to 'float'
C:\Users\Janan\Comp371\assignment1\assignment1\src\assignment2.cpp(1046,30): warning C4305: '-=': truncation from 'double' to 'float'
C:\Users\Janan\Comp371\assignment1\assignment1\src\assignment2.cpp(1059,33): warning C4244: 'initializing': conversion from 'double' to 'float', possible loss of data
C:\Users\Janan\Comp371\assignment1\assignment1\src\assignment2.cpp(1061,46): warning C4244: '=': conversion from 'double' to 'float', possible loss of data
C:\Users\Janan\Comp371\assignment1\assignment1\src\assignment2.cpp(1074,33): warning C4244: 'initializing': conversion from 'double' to 'float', possible loss of data
C:\Users\Janan\Comp371\assignment1\assignment1\src\assignment2.cpp(1076,42): warning C4244: '=': conversion from 'double' to 'float', possible loss of data
C:\Users\Janan\Comp371\assignment1\assignment1\src\assignment2.cpp(1089,33): warning C4244: 'initializing': conversion from 'double' to 'float', possible loss of data
C:\Users\Janan\Comp371\assignment1\assignment1\src\assignment2.cpp(1091,42): warning C4244: '=': conversion from 'double' to 'float', possible loss of data
C:\Users\Janan\Comp371\assignment1\assignment1\src\assignment2.cpp(1107,33): warning C4244: 'initializing': conversion from 'double' to 'float', possible loss of data
C:\Users\Janan\Comp371\assignment1\assignment1\src\assignment2.cpp(1109,42): warning C4244: '=': conversion from 'double' to 'float', possible loss of data
C:\Users\Janan\Comp371\assignment1\assignment1\src\assignment2.cpp(1184,54): warning C4244: '-=': conversion from 'double' to 'float', possible loss of data
C:\Users\Janan\Comp371\assignment1\assignment1\src\assignment2.cpp(1185,52): warning C4244: '-=': conversion from 'double' to 'float', possible loss of data
C:\Users\Janan\Comp371\assignment1\assignment1\src\assignment2.cpp(1249,32): warning C4267: '=': conversion from 'size_t' to 'int', possible loss of data
C:\Users\Janan\Comp371\assignment1\assignment1\src\assignment2.cpp(121,64): warning C4244: 'argument': conversion from 'T' to 'GLint', possible loss of data
          with
          [
              T=float
          ]
C:\Users\Janan\Comp371\assignment1\assignment1\src\assignment2.cpp(723,5): message : see reference to function template instantiation 'void SetUniform1Value<float>(GLuint,const char *,T)' being compiled
          with
          [
              T=float
          ]
  Generating Code...
  assignment1.vcxproj -> C:\Users\Janan\Comp371\assignment1\bin\Release-windows-x86_64\assignment1\assignment1.exe
